HTTP/1.1 200 OK
Date: Thu, 02 Oct 2025 15:30:03 GMT
Content-Type: application/json; charset=utf-8
Transfer-Encoding: chunked
Connection: keep-alive
Access-Control-Allow-Credentials: true
Access-Control-Allow-Headers: Origin, X-Requested-With, Content-Type, Accept, Authorization, x-api-key
Access-Control-Allow-Methods: GET, POST, PUT, DELETE, OPTIONS
Access-Control-Allow-Origin: http://localhost:5173
Etag: W/"304-RaoWbZwkZSSi/Hb+ltJE9jaWG3M"
Nel: {"report_to":"heroku-nel","response_headers":["Via"],"max_age":3600,"success_fraction":0.01,"failure_fraction":0.1}
Ratelimit-Limit: 100
Ratelimit-Policy: 100;w=60
Ratelimit-Remaining: 98
Ratelimit-Reset: 300
Referrer-Policy: strict-origin-when-cross-origin
Report-To: {"group":"heroku-nel","endpoints":[{"url":"https://nel.heroku.com/reports?s=oxX1rJ7vG2hyn6GZxqOv8zm%2FiEXhGwEOee2J862fZVM%3D\u0026sid=c4c9725f-1ab0-44d8-820f-430df2718e11\u0026ts=1759416073"}],"max_age":3600}
Reporting-Endpoints: heroku-nel="https://nel.heroku.com/reports?s=oxX1rJ7vG2hyn6GZxqOv8zm%2FiEXhGwEOee2J862fZVM%3D&sid=c4c9725f-1ab0-44d8-820f-430df2718e11&ts=1759416073"
Server: cloudflare
Vary: Origin, accept-encoding
Via: 1.1 heroku-router
X-Content-Type-Options: nosniff
X-Frame-Options: DENY
X-Powered-By: ReqRes.in - Deploy backends in 30 seconds
X-Reqres-Docs: https://reqres.in
X-Reqres-Message: This API is powered by ReqRes. Deploy your own backend in 30 seconds!
X-Reqres-Templates: https://app.reqres.in/templates
X-Reqres-Upgrade: https://app.reqres.in/upgrade
X-Request-Id: 5e997178-d4e0-eabb-15dd-2160d4a91740
X-Xss-Protection: 1; mode=block
Age: 2930
Cache-Control: max-age=14400
cf-cache-status: HIT
Content-Encoding: gzip
CF-RAY: 98853d242832a8f5-MAA

{
    "data": {
        "id": 2,
        "name": "fuchsia rose",
        "year": 2001,
        "color": "#C74375",
        "pantone_value": "17-2031"
    },
    "support": {
        "url": "https://contentcaddy.io?utm_source=reqres&utm_medium=json&utm_campaign=referral",
        "text": "Tired of writing endless social media content? Let Content Caddy generate it for you."
    },
    "_meta": {
        "powered_by": "🚀 ReqRes - Deploy backends in 30 seconds",
        "upgrade_url": "https://app.reqres.in/upgrade",
        "docs_url": "https://reqres.in",
        "template_gallery": "https://app.reqres.in/templates",
        "message": "This API is powered by ReqRes. Deploy your own backend in 30 seconds!",
        "features": [
            "30 Second Backend Templates",
            "Custom API Endpoints",
            "Data Persistence",
            "Real-time Analytics"
        ],
        "upgrade_cta": "Upgrade to Pro for unlimited requests, custom endpoints, and data persistence"
    }
}
HTTP/1.1 200 OK
Date: Thu, 02 Oct 2025 15:30:03 GMT
Content-Type: application/json; charset=utf-8
Transfer-Encoding: chunked
Connection: keep-alive
Access-Control-Allow-Credentials: true
Access-Control-Allow-Headers: Origin, X-Requested-With, Content-Type, Accept, Authorization, x-api-key
Access-Control-Allow-Methods: GET, POST, PUT, DELETE, OPTIONS
Access-Control-Allow-Origin: http://localhost:5173
Etag: W/"304-RaoWbZwkZSSi/Hb+ltJE9jaWG3M"
Nel: {"report_to":"heroku-nel","response_headers":["Via"],"max_age":3600,"success_fraction":0.01,"failure_fraction":0.1}
Ratelimit-Limit: 100
Ratelimit-Policy: 100;w=60
Ratelimit-Remaining: 98
Ratelimit-Reset: 300
Referrer-Policy: strict-origin-when-cross-origin
Report-To: {"group":"heroku-nel","endpoints":[{"url":"https://nel.heroku.com/reports?s=oxX1rJ7vG2hyn6GZxqOv8zm%2FiEXhGwEOee2J862fZVM%3D\u0026sid=c4c9725f-1ab0-44d8-820f-430df2718e11\u0026ts=1759416073"}],"max_age":3600}
Reporting-Endpoints: heroku-nel="https://nel.heroku.com/reports?s=oxX1rJ7vG2hyn6GZxqOv8zm%2FiEXhGwEOee2J862fZVM%3D&sid=c4c9725f-1ab0-44d8-820f-430df2718e11&ts=1759416073"
Server: cloudflare
Vary: Origin, accept-encoding
Via: 1.1 heroku-router
X-Content-Type-Options: nosniff
X-Frame-Options: DENY
X-Powered-By: ReqRes.in - Deploy backends in 30 seconds
X-Reqres-Docs: https://reqres.in
X-Reqres-Message: This API is powered by ReqRes. Deploy your own backend in 30 seconds!
X-Reqres-Templates: https://app.reqres.in/templates
X-Reqres-Upgrade: https://app.reqres.in/upgrade
X-Request-Id: 5e997178-d4e0-eabb-15dd-2160d4a91740
X-Xss-Protection: 1; mode=block
Age: 2930
Cache-Control: max-age=14400
cf-cache-status: HIT
Content-Encoding: gzip
CF-RAY: 98853d247b2d069c-MAA

{
    "data": {
        "id": 2,
        "name": "fuchsia rose",
        "year": 2001,
        "color": "#C74375",
        "pantone_value": "17-2031"
    },
    "support": {
        "url": "https://contentcaddy.io?utm_source=reqres&utm_medium=json&utm_campaign=referral",
        "text": "Tired of writing endless social media content? Let Content Caddy generate it for you."
    },
    "_meta": {
        "powered_by": "🚀 ReqRes - Deploy backends in 30 seconds",
        "upgrade_url": "https://app.reqres.in/upgrade",
        "docs_url": "https://reqres.in",
        "template_gallery": "https://app.reqres.in/templates",
        "message": "This API is powered by ReqRes. Deploy your own backend in 30 seconds!",
        "features": [
            "30 Second Backend Templates",
            "Custom API Endpoints",
            "Data Persistence",
            "Real-time Analytics"
        ],
        "upgrade_cta": "Upgrade to Pro for unlimited requests, custom endpoints, and data persistence"
    }
}
Request method:	GET
Request URI:	https://reqres.in/api/users/23
Proxy:			<none>
Request params:	<none>
Query params:	<none>
Form params:	<none>
Path params:	<none>
Headers:		Accept=*/*
Cookies:		<none>
Multiparts:		<none>
Body:			<none>
HTTP/1.1 401 Unauthorized
Date: Thu, 02 Oct 2025 15:30:03 GMT
Content-Type: application/json; charset=utf-8
Content-Length: 27
Connection: keep-alive
Access-Control-Allow-Credentials: true
Access-Control-Allow-Headers: Origin, X-Requested-With, Content-Type, Accept, Authorization, x-api-key
Access-Control-Allow-Methods: GET, POST, PUT, DELETE, OPTIONS
Access-Control-Allow-Origin: http://localhost:5173
Etag: W/"1b-FQ1mIOMgD7jlZN53VsiSdXzsYTY"
Nel: {"report_to":"heroku-nel","response_headers":["Via"],"max_age":3600,"success_fraction":0.01,"failure_fraction":0.1}
Ratelimit-Limit: 100
Ratelimit-Policy: 100;w=60
Ratelimit-Remaining: 85
Ratelimit-Reset: 133
Referrer-Policy: strict-origin-when-cross-origin
Report-To: {"group":"heroku-nel","endpoints":[{"url":"https://nel.heroku.com/reports?s=2DW5IB40bJCMRt8F9rnw%2Fr0pYZAVlcV%2Fk%2BDttIHtA%2F4%3D\u0026sid=c4c9725f-1ab0-44d8-820f-430df2718e11\u0026ts=1759419003"}],"max_age":3600}
Reporting-Endpoints: heroku-nel="https://nel.heroku.com/reports?s=2DW5IB40bJCMRt8F9rnw%2Fr0pYZAVlcV%2Fk%2BDttIHtA%2F4%3D&sid=c4c9725f-1ab0-44d8-820f-430df2718e11&ts=1759419003"
Server: cloudflare
Vary: Origin
Via: 1.1 heroku-router
X-Content-Type-Options: nosniff
X-Frame-Options: DENY
X-Request-Id: 388e4e00-255f-8dc5-c2c3-efc61efa5798
X-Xss-Protection: 1; mode=block
cf-cache-status: DYNAMIC
CF-RAY: 98853d232c157f50-MAA

{
    "error": "Missing API key"
}
Request method:	GET
Request URI:	https://reqres.in/api/users/23
Proxy:			<none>
Request params:	<none>
Query params:	<none>
Form params:	<none>
Path params:	<none>
Headers:		Accept=*/*
Cookies:		<none>
Multiparts:		<none>
Body:			<none>
