HTTP/1.1 401 Unauthorized
Date: Wed, 01 Oct 2025 07:02:16 GMT
Content-Type: application/json; charset=utf-8
Content-Length: 27
Connection: keep-alive
Access-Control-Allow-Credentials: true
Access-Control-Allow-Headers: Origin, X-Requested-With, Content-Type, Accept, Authorization, x-api-key
Access-Control-Allow-Methods: GET, POST, PUT, DELETE, OPTIONS
Access-Control-Allow-Origin: http://localhost:5173
Etag: W/"1b-FQ1mIOMgD7jlZN53VsiSdXzsYTY"
Nel: {"report_to":"heroku-nel","response_headers":["Via"],"max_age":3600,"success_fraction":0.01,"failure_fraction":0.1}
Ratelimit-Limit: 100
Ratelimit-Policy: 100;w=60
Ratelimit-Remaining: 95
Ratelimit-Reset: 56
Referrer-Policy: strict-origin-when-cross-origin
Report-To: {"group":"heroku-nel","endpoints":[{"url":"https://nel.heroku.com/reports?s=42sXMhUPoqAsUtyVxA4b5K388cGrrOVJVNU1Ht22f%2FI%3D\u0026sid=c4c9725f-1ab0-44d8-820f-430df2718e11\u0026ts=1759302136"}],"max_age":3600}
Reporting-Endpoints: heroku-nel="https://nel.heroku.com/reports?s=42sXMhUPoqAsUtyVxA4b5K388cGrrOVJVNU1Ht22f%2FI%3D&sid=c4c9725f-1ab0-44d8-820f-430df2718e11&ts=1759302136"
Server: cloudflare
Vary: Origin
Via: 1.1 heroku-router
X-Content-Type-Options: nosniff
X-Frame-Options: DENY
X-Request-Id: f4e1cb6e-45e5-5685-a437-acf5db602dd2
X-Xss-Protection: 1; mode=block
cf-cache-status: DYNAMIC
CF-RAY: 987a17ef0c028ee3-BOM

{
    "error": "Missing API key"
}
