HTTP/1.1 401 Unauthorized
Date: Wed, 01 Oct 2025 07:04:19 GMT
Content-Type: application/json; charset=utf-8
Content-Length: 27
Connection: keep-alive
Access-Control-Allow-Credentials: true
Access-Control-Allow-Headers: Origin, X-Requested-With, Content-Type, Accept, Authorization, x-api-key
Access-Control-Allow-Methods: GET, POST, PUT, DELETE, OPTIONS
Access-Control-Allow-Origin: http://localhost:5173
Etag: W/"1b-FQ1mIOMgD7jlZN53VsiSdXzsYTY"
Nel: {"report_to":"heroku-nel","response_headers":["Via"],"max_age":3600,"success_fraction":0.01,"failure_fraction":0.1}
Ratelimit-Limit: 100
Ratelimit-Policy: 100;w=60
Ratelimit-Remaining: 97
Ratelimit-Reset: 60
Referrer-Policy: strict-origin-when-cross-origin
Report-To: {"group":"heroku-nel","endpoints":[{"url":"https://nel.heroku.com/reports?s=pTa6Ker9cRex7TCXRamuNAEoWD%2FFfJ6Xx7Gr8U%2FPSRU%3D\u0026sid=c4c9725f-1ab0-44d8-820f-430df2718e11\u0026ts=1759302259"}],"max_age":3600}
Reporting-Endpoints: heroku-nel="https://nel.heroku.com/reports?s=pTa6Ker9cRex7TCXRamuNAEoWD%2FFfJ6Xx7Gr8U%2FPSRU%3D&sid=c4c9725f-1ab0-44d8-820f-430df2718e11&ts=1759302259"
Server: cloudflare
Vary: Origin, accept-encoding
Via: 1.1 heroku-router
X-Content-Type-Options: nosniff
X-Frame-Options: DENY
X-Request-Id: 177f838f-03aa-421b-33b4-907df54026c5
X-Xss-Protection: 1; mode=block
cf-cache-status: BYPASS
CF-RAY: 987a1aed7d3d7fdd-MAA

{
    "error": "Missing API key"
}
HTTP/1.1 401 Unauthorized
Date: Wed, 01 Oct 2025 07:04:19 GMT
Content-Type: application/json; charset=utf-8
Content-Length: 27
Connection: keep-alive
Access-Control-Allow-Credentials: true
Access-Control-Allow-Headers: Origin, X-Requested-With, Content-Type, Accept, Authorization, x-api-key
Access-Control-Allow-Methods: GET, POST, PUT, DELETE, OPTIONS
Access-Control-Allow-Origin: http://localhost:5173
Etag: W/"1b-FQ1mIOMgD7jlZN53VsiSdXzsYTY"
Nel: {"report_to":"heroku-nel","response_headers":["Via"],"max_age":3600,"success_fraction":0.01,"failure_fraction":0.1}
Ratelimit-Limit: 100
Ratelimit-Policy: 100;w=60
Ratelimit-Remaining: 96
Ratelimit-Reset: 60
Referrer-Policy: strict-origin-when-cross-origin
Report-To: {"group":"heroku-nel","endpoints":[{"url":"https://nel.heroku.com/reports?s=pTa6Ker9cRex7TCXRamuNAEoWD%2FFfJ6Xx7Gr8U%2FPSRU%3D\u0026sid=c4c9725f-1ab0-44d8-820f-430df2718e11\u0026ts=1759302259"}],"max_age":3600}
Reporting-Endpoints: heroku-nel="https://nel.heroku.com/reports?s=pTa6Ker9cRex7TCXRamuNAEoWD%2FFfJ6Xx7Gr8U%2FPSRU%3D&sid=c4c9725f-1ab0-44d8-820f-430df2718e11&ts=1759302259"
Server: cloudflare
Vary: Origin, accept-encoding
Via: 1.1 heroku-router
X-Content-Type-Options: nosniff
X-Frame-Options: DENY
X-Request-Id: 62315b02-d95c-0036-46a2-3e65745e90dd
X-Xss-Protection: 1; mode=block
cf-cache-status: BYPASS
CF-RAY: 987a1aed7d957fc1-MAA

{
    "error": "Missing API key"
}
