HTTP/1.1 401 Unauthorized
Date: Wed, 01 Oct 2025 09:03:13 GMT
Content-Type: application/json; charset=utf-8
Content-Length: 27
Connection: keep-alive
Access-Control-Allow-Credentials: true
Access-Control-Allow-Headers: Origin, X-Requested-With, Content-Type, Accept, Authorization, x-api-key
Access-Control-Allow-Methods: GET, POST, PUT, DELETE, OPTIONS
Access-Control-Allow-Origin: http://localhost:5173
Etag: W/"1b-FQ1mIOMgD7jlZN53VsiSdXzsYTY"
Nel: {"report_to":"heroku-nel","response_headers":["Via"],"max_age":3600,"success_fraction":0.01,"failure_fraction":0.1}
Ratelimit-Limit: 100
Ratelimit-Policy: 100;w=60
Ratelimit-Remaining: 98
Ratelimit-Reset: 60
Referrer-Policy: strict-origin-when-cross-origin
Report-To: {"group":"heroku-nel","endpoints":[{"url":"https://nel.heroku.com/reports?s=7L8qT86%2FNM6CA3FxaAIuzBRAWnpK7jq%2FLAvtcmVp5LU%3D\u0026sid=c4c9725f-1ab0-44d8-820f-430df2718e11\u0026ts=1759309393"}],"max_age":3600}
Reporting-Endpoints: heroku-nel="https://nel.heroku.com/reports?s=7L8qT86%2FNM6CA3FxaAIuzBRAWnpK7jq%2FLAvtcmVp5LU%3D&sid=c4c9725f-1ab0-44d8-820f-430df2718e11&ts=1759309393"
Server: cloudflare
Vary: Origin, accept-encoding
Via: 1.1 heroku-router
X-Content-Type-Options: nosniff
X-Frame-Options: DENY
X-Request-Id: 075665ed-face-b927-c775-ff0a88c271b3
X-Xss-Protection: 1; mode=block
cf-cache-status: BYPASS
CF-RAY: 987ac91a295f9dfa-BLR

{
    "error": "Missing API key"
}
HTTP/1.1 401 Unauthorized
Date: Wed, 01 Oct 2025 09:03:13 GMT
Content-Type: application/json; charset=utf-8
Content-Length: 27
Connection: keep-alive
Access-Control-Allow-Credentials: true
Access-Control-Allow-Headers: Origin, X-Requested-With, Content-Type, Accept, Authorization, x-api-key
Access-Control-Allow-Methods: GET, POST, PUT, DELETE, OPTIONS
Access-Control-Allow-Origin: http://localhost:5173
Etag: W/"1b-FQ1mIOMgD7jlZN53VsiSdXzsYTY"
Nel: {"report_to":"heroku-nel","response_headers":["Via"],"max_age":3600,"success_fraction":0.01,"failure_fraction":0.1}
Ratelimit-Limit: 100
Ratelimit-Policy: 100;w=60
Ratelimit-Remaining: 99
Ratelimit-Reset: 60
Referrer-Policy: strict-origin-when-cross-origin
Report-To: {"group":"heroku-nel","endpoints":[{"url":"https://nel.heroku.com/reports?s=7L8qT86%2FNM6CA3FxaAIuzBRAWnpK7jq%2FLAvtcmVp5LU%3D\u0026sid=c4c9725f-1ab0-44d8-820f-430df2718e11\u0026ts=1759309393"}],"max_age":3600}
Reporting-Endpoints: heroku-nel="https://nel.heroku.com/reports?s=7L8qT86%2FNM6CA3FxaAIuzBRAWnpK7jq%2FLAvtcmVp5LU%3D&sid=c4c9725f-1ab0-44d8-820f-430df2718e11&ts=1759309393"
Server: cloudflare
Vary: Origin, accept-encoding
Via: 1.1 heroku-router
X-Content-Type-Options: nosniff
X-Frame-Options: DENY
X-Request-Id: 9015c325-79fc-63b1-0c52-6f3532751a98
X-Xss-Protection: 1; mode=block
cf-cache-status: BYPASS
CF-RAY: 987ac91a8cfac143-BLR

{
    "error": "Missing API key"
}
HTTP/1.1 401 Unauthorized
Date: Wed, 01 Oct 2025 09:03:13 GMT
Content-Type: application/json; charset=utf-8
Content-Length: 27
Connection: keep-alive
Access-Control-Allow-Credentials: true
Access-Control-Allow-Headers: Origin, X-Requested-With, Content-Type, Accept, Authorization, x-api-key
Access-Control-Allow-Methods: GET, POST, PUT, DELETE, OPTIONS
Access-Control-Allow-Origin: http://localhost:5173
Etag: W/"1b-FQ1mIOMgD7jlZN53VsiSdXzsYTY"
Nel: {"report_to":"heroku-nel","response_headers":["Via"],"max_age":3600,"success_fraction":0.01,"failure_fraction":0.1}
Ratelimit-Limit: 100
Ratelimit-Policy: 100;w=60
Ratelimit-Remaining: 96
Ratelimit-Reset: 60
Referrer-Policy: strict-origin-when-cross-origin
Report-To: {"group":"heroku-nel","endpoints":[{"url":"https://nel.heroku.com/reports?s=7L8qT86%2FNM6CA3FxaAIuzBRAWnpK7jq%2FLAvtcmVp5LU%3D\u0026sid=c4c9725f-1ab0-44d8-820f-430df2718e11\u0026ts=1759309393"}],"max_age":3600}
Reporting-Endpoints: heroku-nel="https://nel.heroku.com/reports?s=7L8qT86%2FNM6CA3FxaAIuzBRAWnpK7jq%2FLAvtcmVp5LU%3D&sid=c4c9725f-1ab0-44d8-820f-430df2718e11&ts=1759309393"
Server: cloudflare
Vary: Origin
Via: 1.1 heroku-router
X-Content-Type-Options: nosniff
X-Frame-Options: DENY
X-Request-Id: a052b1a3-faa4-6961-f06e-7e88ec3d8b8a
X-Xss-Protection: 1; mode=block
cf-cache-status: DYNAMIC
CF-RAY: 987ac9199fa22ffb-BLR

{
    "error": "Missing API key"
}
HTTP/1.1 401 Unauthorized
Date: Wed, 01 Oct 2025 09:03:13 GMT
Content-Type: application/json; charset=utf-8
Content-Length: 27
Connection: keep-alive
Access-Control-Allow-Credentials: true
Access-Control-Allow-Headers: Origin, X-Requested-With, Content-Type, Accept, Authorization, x-api-key
Access-Control-Allow-Methods: GET, POST, PUT, DELETE, OPTIONS
Access-Control-Allow-Origin: http://localhost:5173
Etag: W/"1b-FQ1mIOMgD7jlZN53VsiSdXzsYTY"
Nel: {"report_to":"heroku-nel","response_headers":["Via"],"max_age":3600,"success_fraction":0.01,"failure_fraction":0.1}
Ratelimit-Limit: 100
Ratelimit-Policy: 100;w=60
Ratelimit-Remaining: 97
Ratelimit-Reset: 60
Referrer-Policy: strict-origin-when-cross-origin
Report-To: {"group":"heroku-nel","endpoints":[{"url":"https://nel.heroku.com/reports?s=7L8qT86%2FNM6CA3FxaAIuzBRAWnpK7jq%2FLAvtcmVp5LU%3D\u0026sid=c4c9725f-1ab0-44d8-820f-430df2718e11\u0026ts=1759309393"}],"max_age":3600}
Reporting-Endpoints: heroku-nel="https://nel.heroku.com/reports?s=7L8qT86%2FNM6CA3FxaAIuzBRAWnpK7jq%2FLAvtcmVp5LU%3D&sid=c4c9725f-1ab0-44d8-820f-430df2718e11&ts=1759309393"
Server: cloudflare
Vary: Origin
Via: 1.1 heroku-router
X-Content-Type-Options: nosniff
X-Frame-Options: DENY
X-Request-Id: a32a2e34-5569-c514-c412-dcc56c1e7f3c
X-Xss-Protection: 1; mode=block
cf-cache-status: DYNAMIC
CF-RAY: 987ac919bb02e084-BLR

{
    "error": "Missing API key"
}
