HTTP/1.1 401 Unauthorized
Date: Thu, 02 Oct 2025 15:30:03 GMT
Content-Type: application/json; charset=utf-8
Content-Length: 27
Connection: keep-alive
Access-Control-Allow-Credentials: true
Access-Control-Allow-Headers: Origin, X-Requested-With, Content-Type, Accept, Authorization, x-api-key
Access-Control-Allow-Methods: GET, POST, PUT, DELETE, OPTIONS
Access-Control-Allow-Origin: http://localhost:5173
Etag: W/"1b-FQ1mIOMgD7jlZN53VsiSdXzsYTY"
Nel: {"report_to":"heroku-nel","response_headers":["Via"],"max_age":3600,"success_fraction":0.01,"failure_fraction":0.1}
Ratelimit-Limit: 100
Ratelimit-Policy: 100;w=60
Ratelimit-Remaining: 88
Ratelimit-Reset: 133
Referrer-Policy: strict-origin-when-cross-origin
Report-To: {"group":"heroku-nel","endpoints":[{"url":"https://nel.heroku.com/reports?s=2DW5IB40bJCMRt8F9rnw%2Fr0pYZAVlcV%2Fk%2BDttIHtA%2F4%3D\u0026sid=c4c9725f-1ab0-44d8-820f-430df2718e11\u0026ts=1759419003"}],"max_age":3600}
Reporting-Endpoints: heroku-nel="https://nel.heroku.com/reports?s=2DW5IB40bJCMRt8F9rnw%2Fr0pYZAVlcV%2Fk%2BDttIHtA%2F4%3D&sid=c4c9725f-1ab0-44d8-820f-430df2718e11&ts=1759419003"
Server: cloudflare
Vary: Origin
Via: 1.1 heroku-router
X-Content-Type-Options: nosniff
X-Frame-Options: DENY
X-Request-Id: d9eb37ff-d6ef-9eb2-4fd4-8409be134bca
X-Xss-Protection: 1; mode=block
cf-cache-status: DYNAMIC
CF-RAY: 98853d211e4817ab-MAA

{
    "error": "Missing API key"
}
