HTTP/1.1 401 Unauthorized
Date: Wed, 01 Oct 2025 05:25:21 GMT
Content-Type: application/json; charset=utf-8
Content-Length: 27
Connection: keep-alive
Access-Control-Allow-Credentials: true
Access-Control-Allow-Headers: Origin, X-Requested-With, Content-Type, Accept, Authorization, x-api-key
Access-Control-Allow-Methods: GET, POST, PUT, DELETE, OPTIONS
Access-Control-Allow-Origin: http://localhost:5173
Etag: W/"1b-FQ1mIOMgD7jlZN53VsiSdXzsYTY"
Nel: {"report_to":"heroku-nel","response_headers":["Via"],"max_age":3600,"success_fraction":0.01,"failure_fraction":0.1}
Ratelimit-Limit: 100
Ratelimit-Policy: 100;w=60
Ratelimit-Remaining: 98
Ratelimit-Reset: 60
Referrer-Policy: strict-origin-when-cross-origin
Report-To: {"group":"heroku-nel","endpoints":[{"url":"https://nel.heroku.com/reports?s=8m7Oz5G3EZe%2Fl%2Bz4HB%2FP4Qt5vMtWpc2wXMm02usadz0%3D\u0026sid=c4c9725f-1ab0-44d8-820f-430df2718e11\u0026ts=1759296321"}],"max_age":3600}
Reporting-Endpoints: heroku-nel="https://nel.heroku.com/reports?s=8m7Oz5G3EZe%2Fl%2Bz4HB%2FP4Qt5vMtWpc2wXMm02usadz0%3D&sid=c4c9725f-1ab0-44d8-820f-430df2718e11&ts=1759296321"
Server: cloudflare
Vary: Origin
Via: 1.1 heroku-router
X-Content-Type-Options: nosniff
X-Frame-Options: DENY
X-Request-Id: 1e862a52-7fff-235c-7d3c-c47fc63891a8
X-Xss-Protection: 1; mode=block
cf-cache-status: DYNAMIC
CF-RAY: 987989f8db90cbcd-MAA

{
    "error": "Missing API key"
}
