HTTP/1.1 401 Unauthorized
Date: Tue, 30 Sep 2025 19:17:46 GMT
Content-Type: application/json; charset=utf-8
Content-Length: 27
Connection: keep-alive
Access-Control-Allow-Credentials: true
Access-Control-Allow-Headers: Origin, X-Requested-With, Content-Type, Accept, Authorization, x-api-key
Access-Control-Allow-Methods: GET, POST, PUT, DELETE, OPTIONS
Access-Control-Allow-Origin: http://localhost:5173
Etag: W/"1b-FQ1mIOMgD7jlZN53VsiSdXzsYTY"
Nel: {"report_to":"heroku-nel","response_headers":["Via"],"max_age":3600,"success_fraction":0.01,"failure_fraction":0.1}
Ratelimit-Limit: 100
Ratelimit-Policy: 100;w=60
Ratelimit-Remaining: 99
Ratelimit-Reset: 60
Referrer-Policy: strict-origin-when-cross-origin
Report-To: {"group":"heroku-nel","endpoints":[{"url":"https://nel.heroku.com/reports?s=4GNeTaHlysPlK02spUdjSBYA8tMsAiVwzd1z9Vey2RE%3D\u0026sid=c4c9725f-1ab0-44d8-820f-430df2718e11\u0026ts=1759259866"}],"max_age":3600}
Reporting-Endpoints: heroku-nel="https://nel.heroku.com/reports?s=4GNeTaHlysPlK02spUdjSBYA8tMsAiVwzd1z9Vey2RE%3D&sid=c4c9725f-1ab0-44d8-820f-430df2718e11&ts=1759259866"
Server: cloudflare
Vary: Origin, accept-encoding
Via: 1.1 heroku-router
X-Content-Type-Options: nosniff
X-Frame-Options: DENY
X-Request-Id: 9b552979-6e32-74da-9e2a-3861e0966199
X-Xss-Protection: 1; mode=block
cf-cache-status: BYPASS
CF-RAY: 98760ff0dff688c9-MAA

{
    "error": "Missing API key"
}
HTTP/1.1 401 Unauthorized
Date: Tue, 30 Sep 2025 19:17:46 GMT
Content-Type: application/json; charset=utf-8
Content-Length: 27
Connection: keep-alive
Access-Control-Allow-Credentials: true
Access-Control-Allow-Headers: Origin, X-Requested-With, Content-Type, Accept, Authorization, x-api-key
Access-Control-Allow-Methods: GET, POST, PUT, DELETE, OPTIONS
Access-Control-Allow-Origin: http://localhost:5173
Etag: W/"1b-FQ1mIOMgD7jlZN53VsiSdXzsYTY"
Nel: {"report_to":"heroku-nel","response_headers":["Via"],"max_age":3600,"success_fraction":0.01,"failure_fraction":0.1}
Ratelimit-Limit: 100
Ratelimit-Policy: 100;w=60
Ratelimit-Remaining: 98
Ratelimit-Reset: 60
Referrer-Policy: strict-origin-when-cross-origin
Report-To: {"group":"heroku-nel","endpoints":[{"url":"https://nel.heroku.com/reports?s=4GNeTaHlysPlK02spUdjSBYA8tMsAiVwzd1z9Vey2RE%3D\u0026sid=c4c9725f-1ab0-44d8-820f-430df2718e11\u0026ts=1759259866"}],"max_age":3600}
Reporting-Endpoints: heroku-nel="https://nel.heroku.com/reports?s=4GNeTaHlysPlK02spUdjSBYA8tMsAiVwzd1z9Vey2RE%3D&sid=c4c9725f-1ab0-44d8-820f-430df2718e11&ts=1759259866"
Server: cloudflare
Vary: Origin, accept-encoding
Via: 1.1 heroku-router
X-Content-Type-Options: nosniff
X-Frame-Options: DENY
X-Request-Id: 1b5187d5-9293-06eb-27fc-165edeff8aeb
X-Xss-Protection: 1; mode=block
cf-cache-status: BYPASS
CF-RAY: 98760ff0cc6c7fc8-MAA

{
    "error": "Missing API key"
}
