HTTP/1.1 401 Unauthorized
Date: Wed, 01 Oct 2025 05:34:17 GMT
Content-Type: application/json; charset=utf-8
Content-Length: 27
Connection: keep-alive
Access-Control-Allow-Credentials: true
Access-Control-Allow-Headers: Origin, X-Requested-With, Content-Type, Accept, Authorization, x-api-key
Access-Control-Allow-Methods: GET, POST, PUT, DELETE, OPTIONS
Access-Control-Allow-Origin: http://localhost:5173
Etag: W/"1b-FQ1mIOMgD7jlZN53VsiSdXzsYTY"
Nel: {"report_to":"heroku-nel","response_headers":["Via"],"max_age":3600,"success_fraction":0.01,"failure_fraction":0.1}
Ratelimit-Limit: 100
Ratelimit-Policy: 100;w=60
Ratelimit-Remaining: 99
Ratelimit-Reset: 60
Referrer-Policy: strict-origin-when-cross-origin
Report-To: {"group":"heroku-nel","endpoints":[{"url":"https://nel.heroku.com/reports?s=4M6KqkkpwNAprqj3%2BJVIgmcDka8Hju1flzmjWOZyk%2F0%3D\u0026sid=c4c9725f-1ab0-44d8-820f-430df2718e11\u0026ts=1759296857"}],"max_age":3600}
Reporting-Endpoints: heroku-nel="https://nel.heroku.com/reports?s=4M6KqkkpwNAprqj3%2BJVIgmcDka8Hju1flzmjWOZyk%2F0%3D&sid=c4c9725f-1ab0-44d8-820f-430df2718e11&ts=1759296857"
Server: cloudflare
Vary: Origin, accept-encoding
Via: 1.1 heroku-router
X-Content-Type-Options: nosniff
X-Frame-Options: DENY
X-Request-Id: 8246283c-119d-853f-3065-1bf649a87a9a
X-Xss-Protection: 1; mode=block
cf-cache-status: BYPASS
CF-RAY: 9879970b88639f61-MAA

{
    "error": "Missing API key"
}
HTTP/1.1 401 Unauthorized
Date: Wed, 01 Oct 2025 05:34:17 GMT
Content-Type: application/json; charset=utf-8
Content-Length: 27
Connection: keep-alive
Access-Control-Allow-Credentials: true
Access-Control-Allow-Headers: Origin, X-Requested-With, Content-Type, Accept, Authorization, x-api-key
Access-Control-Allow-Methods: GET, POST, PUT, DELETE, OPTIONS
Access-Control-Allow-Origin: http://localhost:5173
Etag: W/"1b-FQ1mIOMgD7jlZN53VsiSdXzsYTY"
Nel: {"report_to":"heroku-nel","response_headers":["Via"],"max_age":3600,"success_fraction":0.01,"failure_fraction":0.1}
Ratelimit-Limit: 100
Ratelimit-Policy: 100;w=60
Ratelimit-Remaining: 98
Ratelimit-Reset: 60
Referrer-Policy: strict-origin-when-cross-origin
Report-To: {"group":"heroku-nel","endpoints":[{"url":"https://nel.heroku.com/reports?s=4M6KqkkpwNAprqj3%2BJVIgmcDka8Hju1flzmjWOZyk%2F0%3D\u0026sid=c4c9725f-1ab0-44d8-820f-430df2718e11\u0026ts=1759296857"}],"max_age":3600}
Reporting-Endpoints: heroku-nel="https://nel.heroku.com/reports?s=4M6KqkkpwNAprqj3%2BJVIgmcDka8Hju1flzmjWOZyk%2F0%3D&sid=c4c9725f-1ab0-44d8-820f-430df2718e11&ts=1759296857"
Server: cloudflare
Vary: Origin, accept-encoding
Via: 1.1 heroku-router
X-Content-Type-Options: nosniff
X-Frame-Options: DENY
X-Request-Id: 9963cd0a-1a74-c739-49b3-1d786286b880
X-Xss-Protection: 1; mode=block
Cache-Control: max-age=14400
cf-cache-status: MISS
CF-RAY: 9879970b88e017a7-MAA

{
    "error": "Missing API key"
}
Request method:	GET
Request URI:	https://reqres.in/api/users?page=2
Proxy:			<none>
Request params:	<none>
Query params:	page=2
Form params:	<none>
Path params:	<none>
Headers:		Accept=*/*
Cookies:		<none>
Multiparts:		<none>
Body:			<none>
