HTTP/1.1 401 Unauthorized
Date: Thu, 02 Oct 2025 15:27:23 GMT
Content-Type: application/json; charset=utf-8
Content-Length: 27
Connection: keep-alive
Access-Control-Allow-Credentials: true
Access-Control-Allow-Headers: Origin, X-Requested-With, Content-Type, Accept, Authorization, x-api-key
Access-Control-Allow-Methods: GET, POST, PUT, DELETE, OPTIONS
Access-Control-Allow-Origin: http://localhost:5173
Etag: W/"1b-FQ1mIOMgD7jlZN53VsiSdXzsYTY"
Nel: {"report_to":"heroku-nel","response_headers":["Via"],"max_age":3600,"success_fraction":0.01,"failure_fraction":0.1}
Ratelimit-Limit: 100
Ratelimit-Policy: 100;w=60
Ratelimit-Remaining: 93
Ratelimit-Reset: 293
Referrer-Policy: strict-origin-when-cross-origin
Report-To: {"group":"heroku-nel","endpoints":[{"url":"https://nel.heroku.com/reports?s=QxECgVyFbu%2FqNwTErUFbc09HXLv1L%2BrPl3q6MyjSUW0%3D\u0026sid=c4c9725f-1ab0-44d8-820f-430df2718e11\u0026ts=1759418843"}],"max_age":3600}
Reporting-Endpoints: heroku-nel="https://nel.heroku.com/reports?s=QxECgVyFbu%2FqNwTErUFbc09HXLv1L%2BrPl3q6MyjSUW0%3D&sid=c4c9725f-1ab0-44d8-820f-430df2718e11&ts=1759418843"
Server: cloudflare
Vary: Origin, accept-encoding
Via: 1.1 heroku-router
X-Content-Type-Options: nosniff
X-Frame-Options: DENY
X-Request-Id: f9c3ed02-ee3d-45bc-673b-71a12a52fe88
X-Xss-Protection: 1; mode=block
cf-cache-status: BYPASS
CF-RAY: 9885393b48487f28-MAA

{
    "error": "Missing API key"
}
