HTTP/1.1 200 OK
Date: Wed, 01 Oct 2025 05:33:13 GMT
Content-Type: application/json; charset=utf-8
Transfer-Encoding: chunked
Connection: keep-alive
Access-Control-Allow-Credentials: true
Access-Control-Allow-Headers: Origin, X-Requested-With, Content-Type, Accept, Authorization, x-api-key
Access-Control-Allow-Methods: GET, POST, PUT, DELETE, OPTIONS
Access-Control-Allow-Origin: http://localhost:5173
Etag: W/"152-ApQgGHL6RKwaebFlrPCYPBO1xHg"
Nel: {"report_to":"heroku-nel","response_headers":["Via"],"max_age":3600,"success_fraction":0.01,"failure_fraction":0.1}
Ratelimit-Limit: 100
Ratelimit-Policy: 100;w=60
Ratelimit-Remaining: 98
Ratelimit-Reset: 60
Referrer-Policy: strict-origin-when-cross-origin
Report-To: {"group":"heroku-nel","endpoints":[{"url":"https://nel.heroku.com/reports?s=%2B1W6IksrSMfjc1evcUji458dHwrJBAe2%2BU5Y0Ab8Z30%3D\u0026sid=c4c9725f-1ab0-44d8-820f-430df2718e11\u0026ts=1759295033"}],"max_age":3600}
Reporting-Endpoints: heroku-nel="https://nel.heroku.com/reports?s=%2B1W6IksrSMfjc1evcUji458dHwrJBAe2%2BU5Y0Ab8Z30%3D&sid=c4c9725f-1ab0-44d8-820f-430df2718e11&ts=1759295033"
Server: cloudflare
Vary: Origin, accept-encoding
Via: 1.1 heroku-router
X-Content-Type-Options: nosniff
X-Frame-Options: DENY
X-Request-Id: b3a3350c-ba08-90a2-ec5e-0928132ce71b
X-Xss-Protection: 1; mode=block
Age: 1759
Cache-Control: max-age=14400
cf-cache-status: HIT
Content-Encoding: gzip
CF-RAY: 9879957f8af19bf3-MAA

{
    "data": {
        "id": 2,
        "email": "janet.weaver@reqres.in",
        "first_name": "Janet",
        "last_name": "Weaver",
        "avatar": "https://reqres.in/img/faces/2-image.jpg"
    },
    "support": {
        "url": "https://contentcaddy.io?utm_source=reqres&utm_medium=json&utm_campaign=referral",
        "text": "Tired of writing endless social media content? Let Content Caddy generate it for you."
    }
}
HTTP/1.1 200 OK
Date: Wed, 01 Oct 2025 05:33:13 GMT
Content-Type: application/json; charset=utf-8
Transfer-Encoding: chunked
Connection: keep-alive
Access-Control-Allow-Credentials: true
Access-Control-Allow-Headers: Origin, X-Requested-With, Content-Type, Accept, Authorization, x-api-key
Access-Control-Allow-Methods: GET, POST, PUT, DELETE, OPTIONS
Access-Control-Allow-Origin: http://localhost:5173
Etag: W/"152-ApQgGHL6RKwaebFlrPCYPBO1xHg"
Nel: {"report_to":"heroku-nel","response_headers":["Via"],"max_age":3600,"success_fraction":0.01,"failure_fraction":0.1}
Ratelimit-Limit: 100
Ratelimit-Policy: 100;w=60
Ratelimit-Remaining: 98
Ratelimit-Reset: 60
Referrer-Policy: strict-origin-when-cross-origin
Report-To: {"group":"heroku-nel","endpoints":[{"url":"https://nel.heroku.com/reports?s=%2B1W6IksrSMfjc1evcUji458dHwrJBAe2%2BU5Y0Ab8Z30%3D\u0026sid=c4c9725f-1ab0-44d8-820f-430df2718e11\u0026ts=1759295033"}],"max_age":3600}
Reporting-Endpoints: heroku-nel="https://nel.heroku.com/reports?s=%2B1W6IksrSMfjc1evcUji458dHwrJBAe2%2BU5Y0Ab8Z30%3D&sid=c4c9725f-1ab0-44d8-820f-430df2718e11&ts=1759295033"
Server: cloudflare
Vary: Origin, accept-encoding
Via: 1.1 heroku-router
X-Content-Type-Options: nosniff
X-Frame-Options: DENY
X-Request-Id: b3a3350c-ba08-90a2-ec5e-0928132ce71b
X-Xss-Protection: 1; mode=block
Age: 1759
Cache-Control: max-age=14400
cf-cache-status: HIT
Content-Encoding: gzip
CF-RAY: 9879957f9b1c6ce0-MAA

{
    "data": {
        "id": 2,
        "email": "janet.weaver@reqres.in",
        "first_name": "Janet",
        "last_name": "Weaver",
        "avatar": "https://reqres.in/img/faces/2-image.jpg"
    },
    "support": {
        "url": "https://contentcaddy.io?utm_source=reqres&utm_medium=json&utm_campaign=referral",
        "text": "Tired of writing endless social media content? Let Content Caddy generate it for you."
    }
}
Request method:	GET
Request URI:	https://reqres.in/api/users/23
Proxy:			<none>
Request params:	<none>
Query params:	<none>
Form params:	<none>
Path params:	<none>
Headers:		Accept=*/*
Cookies:		<none>
Multiparts:		<none>
Body:			<none>
Request method:	GET
Request URI:	https://reqres.in/api/users/23
Proxy:			<none>
Request params:	<none>
Query params:	<none>
Form params:	<none>
Path params:	<none>
Headers:		Accept=*/*
Cookies:		<none>
Multiparts:		<none>
Body:			<none>
HTTP/1.1 401 Unauthorized
Date: Wed, 01 Oct 2025 05:33:13 GMT
Content-Type: application/json; charset=utf-8
Content-Length: 27
Connection: keep-alive
Access-Control-Allow-Credentials: true
Access-Control-Allow-Headers: Origin, X-Requested-With, Content-Type, Accept, Authorization, x-api-key
Access-Control-Allow-Methods: GET, POST, PUT, DELETE, OPTIONS
Access-Control-Allow-Origin: http://localhost:5173
Etag: W/"1b-FQ1mIOMgD7jlZN53VsiSdXzsYTY"
Nel: {"report_to":"heroku-nel","response_headers":["Via"],"max_age":3600,"success_fraction":0.01,"failure_fraction":0.1}
Ratelimit-Limit: 100
Ratelimit-Policy: 100;w=60
Ratelimit-Remaining: 99
Ratelimit-Reset: 60
Referrer-Policy: strict-origin-when-cross-origin
Report-To: {"group":"heroku-nel","endpoints":[{"url":"https://nel.heroku.com/reports?s=EJi9ZAGyU9fsgfCq5zjeYqnC2Arev38Sv2o97l%2FP4Ac%3D\u0026sid=c4c9725f-1ab0-44d8-820f-430df2718e11\u0026ts=1759296793"}],"max_age":3600}
Reporting-Endpoints: heroku-nel="https://nel.heroku.com/reports?s=EJi9ZAGyU9fsgfCq5zjeYqnC2Arev38Sv2o97l%2FP4Ac%3D&sid=c4c9725f-1ab0-44d8-820f-430df2718e11&ts=1759296793"
Server: cloudflare
Vary: Origin
Via: 1.1 heroku-router
X-Content-Type-Options: nosniff
X-Frame-Options: DENY
X-Request-Id: 823dfc73-9b9a-9400-ea63-fbb0e8fce261
X-Xss-Protection: 1; mode=block
cf-cache-status: DYNAMIC
CF-RAY: 9879957f8a3017b6-MAA

{
    "error": "Missing API key"
}
HTTP/1.1 401 Unauthorized
Date: Wed, 01 Oct 2025 05:33:13 GMT
Content-Type: application/json; charset=utf-8
Content-Length: 27
Connection: keep-alive
Access-Control-Allow-Credentials: true
Access-Control-Allow-Headers: Origin, X-Requested-With, Content-Type, Accept, Authorization, x-api-key
Access-Control-Allow-Methods: GET, POST, PUT, DELETE, OPTIONS
Access-Control-Allow-Origin: http://localhost:5173
Etag: W/"1b-FQ1mIOMgD7jlZN53VsiSdXzsYTY"
Nel: {"report_to":"heroku-nel","response_headers":["Via"],"max_age":3600,"success_fraction":0.01,"failure_fraction":0.1}
Ratelimit-Limit: 100
Ratelimit-Policy: 100;w=60
Ratelimit-Remaining: 98
Ratelimit-Reset: 60
Referrer-Policy: strict-origin-when-cross-origin
Report-To: {"group":"heroku-nel","endpoints":[{"url":"https://nel.heroku.com/reports?s=EJi9ZAGyU9fsgfCq5zjeYqnC2Arev38Sv2o97l%2FP4Ac%3D\u0026sid=c4c9725f-1ab0-44d8-820f-430df2718e11\u0026ts=1759296793"}],"max_age":3600}
Reporting-Endpoints: heroku-nel="https://nel.heroku.com/reports?s=EJi9ZAGyU9fsgfCq5zjeYqnC2Arev38Sv2o97l%2FP4Ac%3D&sid=c4c9725f-1ab0-44d8-820f-430df2718e11&ts=1759296793"
Server: cloudflare
Vary: Origin
Via: 1.1 heroku-router
X-Content-Type-Options: nosniff
X-Frame-Options: DENY
X-Request-Id: cf36617b-ae5d-3c37-593b-065b8f7258a1
X-Xss-Protection: 1; mode=block
cf-cache-status: DYNAMIC
CF-RAY: 9879957f9caa184f-MAA

{
    "error": "Missing API key"
}
